TN:
SF:script/DeployESGIDiplomes.s.sol
DA:8,0
FN:8,DeployESGIDiplomes.run
FNDA:0,DeployESGIDiplomes.run
DA:10,0
DA:14,0
DA:15,0
DA:17,0
FNF:1
FNH:0
LF:5
LH:0
BRF:0
BRH:0
end_of_record
TN:
SF:src/ESGI_diplomes.sol
DA:17,15
FN:17,ESGI_diplomes.constructor
FNDA:15,ESGI_diplomes.constructor
DA:18,15
DA:19,15
DA:22,1
FN:22,ESGI_diplomes.supportsInterface
FNDA:1,ESGI_diplomes.supportsInterface
DA:23,1
DA:26,13
FN:26,ESGI_diplomes.mint
FNDA:13,ESGI_diplomes.mint
DA:27,12
BRDA:27,0,0,2
BRDA:27,0,1,10
DA:28,10
DA:29,10
DA:30,10
BRDA:30,1,0,3
DA:31,3
DA:33,10
DA:34,10
DA:35,10
DA:38,3
FN:38,ESGI_diplomes.updateTokenURI
FNDA:3,ESGI_diplomes.updateTokenURI
DA:39,2
BRDA:39,2,0,1
BRDA:39,2,1,1
DA:40,1
DA:43,2
FN:43,ESGI_diplomes.revokeToken
FNDA:2,ESGI_diplomes.revokeToken
DA:44,2
BRDA:44,3,0,1
BRDA:44,3,1,1
DA:45,1
DA:46,1
DA:47,1
DA:51,4
FN:51,ESGI_diplomes.tokenURI
FNDA:4,ESGI_diplomes.tokenURI
DA:52,4
DA:53,3
DA:54,1
DA:55,1
DA:59,4
FN:59,ESGI_diplomes.getCount
FNDA:4,ESGI_diplomes.getCount
DA:60,4
DA:63,3
FN:63,ESGI_diplomes.getPerformances
FNDA:3,ESGI_diplomes.getPerformances
DA:64,3
FNF:8
FNH:8
LF:31
LH:31
BRF:7
BRH:7
end_of_record
